<?xml version="1.0" encoding="UTF-8"?>
<!-- Generated by org.testng.reporters.JUnitXMLReporter -->
<testsuite hostname="sonam-PC" name="Test1234" tests="4" failures="3" timestamp="6 Jan 2018 17:27:43 GMT" time="5.385" errors="0">
  <testcase name="test4" time="0.018" classname="test.Priority_Annotation$Google_Search">
    <failure type="java.lang.NullPointerException">
      <![CDATA[java.lang.NullPointerException
	at test.Priority_Annotation$Google_Search.test4(Priority_Annotation.java:39)
	at java.util.concurrent.ThreadPoolExecutor.runWorker(Unknown Source)
	at java.util.concurrent.ThreadPoolExecutor$Worker.run(Unknown Source)
	at java.lang.Thread.run(Unknown Source)
... Removed 10 stack frames]]>
    </failure>
  </testcase> <!-- test4 -->
  <testcase name="test2" time="0.019" classname="test.Priority_Annotation$Google_Search">
    <failure type="java.lang.NullPointerException">
      <![CDATA[java.lang.NullPointerException
	at test.Priority_Annotation$Google_Search.test2(Priority_Annotation.java:27)
	at java.util.concurrent.ThreadPoolExecutor.runWorker(Unknown Source)
	at java.util.concurrent.ThreadPoolExecutor$Worker.run(Unknown Source)
	at java.lang.Thread.run(Unknown Source)
... Removed 10 stack frames]]>
    </failure>
  </testcase> <!-- test2 -->
  <testcase name="test3" time="0.145" classname="test.Priority_Annotation$Google_Search">
    <failure type="java.lang.NullPointerException">
      <![CDATA[java.lang.NullPointerException
	at test.Priority_Annotation$Google_Search.test3(Priority_Annotation.java:33)
	at java.util.concurrent.ThreadPoolExecutor.runWorker(Unknown Source)
	at java.util.concurrent.ThreadPoolExecutor$Worker.run(Unknown Source)
	at java.lang.Thread.run(Unknown Source)
... Removed 10 stack frames]]>
    </failure>
  </testcase> <!-- test3 -->
  <testcase name="test1" time="5.282" classname="test.Priority_Annotation$Google_Search"/>
</testsuite> <!-- Test1234 -->
