<?xml version="1.0" encoding="UTF-8"?>
<!-- Generated by org.testng.reporters.JUnitXMLReporter -->
<testsuite hostname="sonam-PC" name="TestRunAll" tests="3" failures="2" timestamp="6 Jan 2018 18:10:00 GMT" time="16.472" errors="0">
  <testcase name="getTest" time="0.02" classname="test.Grouping">
    <failure type="java.lang.NullPointerException">
      <![CDATA[java.lang.NullPointerException
	at test.Grouping.getTest(Grouping.java:28)
... Removed 24 stack frames]]>
    </failure>
  </testcase> <!-- getTest -->
  <testcase name="sendData" time="0.006" classname="test.Grouping">
    <failure type="java.lang.NullPointerException">
      <![CDATA[java.lang.NullPointerException
	at test.Grouping.sendData(Grouping.java:41)
... Removed 24 stack frames]]>
    </failure>
  </testcase> <!-- sendData -->
  <testcase name="setup" time="16.339" classname="test.Grouping"/>
</testsuite> <!-- TestRunAll -->
