<?xml version="1.0" encoding="UTF-8"?>
<testng-results skipped="0" failed="0" total="2" passed="2">
  <reporter-output>
  </reporter-output>
  <suite name="Test" duration-ms="12841" started-at="2018-01-06T18:24:34Z" finished-at="2018-01-06T18:24:46Z">
    <groups>
      <group name="Test1">
        <method signature="Grouping.test_a()[pri:0, instance:test.Grouping@6a2bcfcb]" name="test_a" class="test.Grouping"/>
      </group> <!-- Test1 -->
      <group name="Test2">
        <method signature="Grouping.test_b()[pri:0, instance:test.Grouping@6a2bcfcb]" name="test_b" class="test.Grouping"/>
      </group> <!-- Test2 -->
    </groups>
    <test name="TestGrouping_Include" duration-ms="12841" started-at="2018-01-06T18:24:34Z" finished-at="2018-01-06T18:24:46Z">
      <class name="test.Grouping">
        <test-method status="PASS" signature="test_a()[pri:0, instance:test.Grouping@6a2bcfcb]" name="test_a" duration-ms="12769" started-at="2018-01-06T23:54:34Z" finished-at="2018-01-06T23:54:46Z">
          <reporter-output>
          </reporter-output>
        </test-method> <!-- test_a -->
        <test-method status="PASS" signature="test_b()[pri:0, instance:test.Grouping@6a2bcfcb]" name="test_b" duration-ms="47" started-at="2018-01-06T23:54:46Z" finished-at="2018-01-06T23:54:46Z">
          <reporter-output>
          </reporter-output>
        </test-method> <!-- test_b -->
      </class> <!-- test.Grouping -->
    </test> <!-- TestGrouping_Include -->
  </suite> <!-- Test -->
</testng-results>
